1538  execve("./main", ["./main"], 0x7ffc4ae1f2f8 /* 33 vars */) = 0
1538  brk(NULL)                         = 0x5d9c28c8d000
1538  access("/etc/ld.so.preload", R_OK) = -1 ENOENT (No such file or directory)
1538  openat(AT_FDCWD, "/etc/ld.so.cache", O_RDONLY|O_CLOEXEC) = 3
1538  fstat(3, {st_mode=S_IFREG|0644, st_size=21784, ...}) = 0
1538  mmap(NULL, 21784, PROT_READ, MAP_PRIVATE, 3, 0) = 0x73f20c07f000
1538  close(3)                          = 0
1538  openat(AT_FDCWD, "/usr/lib/x86_64-linux-gnu/libstdc++.so.6", O_RDONLY|O_CLOEXEC) = 3
1538  read(3, "\177ELF\2\1\1\3\0\0\0\0\0\0\0\0\3\0>\0\1\0\0\0\240\240\t\0\0\0\0\0"..., 832) = 832
1538  fstat(3, {st_mode=S_IFREG|0644, st_size=1870824, ...}) = 0
1538  mmap(NULL, 8192, PROT_READ|PROT_WRITE, MAP_PRIVATE|MAP_ANONYMOUS, -1, 0) = 0x73f20c07d000
1538  mmap(NULL, 1886208, PROT_READ, MAP_PRIVATE|MAP_DENYWRITE, 3, 0) = 0x73f20beb0000
1538  mmap(0x73f20bf46000, 901120, PROT_READ|PROT_EXEC, MAP_PRIVATE|MAP_FIXED|MAP_DENYWRITE, 3, 0x96000) = 0x73f20bf46000
1538  mmap(0x73f20c022000, 303104, PROT_READ, MAP_PRIVATE|MAP_FIXED|MAP_DENYWRITE, 3, 0x172000) = 0x73f20c022000
1538  mmap(0x73f20c06c000, 57344, PROT_READ|PROT_WRITE, MAP_PRIVATE|MAP_FIXED|MAP_DENYWRITE, 3, 0x1bb000) = 0x73f20c06c000
1538  mmap(0x73f20c07a000, 10240, PROT_READ|PROT_WRITE, MAP_PRIVATE|MAP_FIXED|MAP_ANONYMOUS, -1, 0) = 0x73f20c07a000
1538  close(3)                          = 0
1538  openat(AT_FDCWD, "/lib/x86_64-linux-gnu/libgcc_s.so.1", O_RDONLY|O_CLOEXEC) = 3
1538  read(3, "\177ELF\2\1\1\0\0\0\0\0\0\0\0\0\3\0>\0\1\0\0\0\0203\0\0\0\0\0\0"..., 832) = 832
1538  fstat(3, {st_mode=S_IFREG|0644, st_size=100736, ...}) = 0
1538  mmap(NULL, 103496, PROT_READ, MAP_PRIVATE|MAP_DENYWRITE, 3, 0) = 0x73f20be96000
1538  mmap(0x73f20be99000, 69632, PROT_READ|PROT_EXEC, MAP_PRIVATE|MAP_FIXED|MAP_DENYWRITE, 3, 0x3000) = 0x73f20be99000
1538  mmap(0x73f20beaa000, 16384, PROT_READ, MAP_PRIVATE|MAP_FIXED|MAP_DENYWRITE, 3, 0x14000) = 0x73f20beaa000
1538  mmap(0x73f20beae000, 8192, PROT_READ|PROT_WRITE, MAP_PRIVATE|MAP_FIXED|MAP_DENYWRITE, 3, 0x17000) = 0x73f20beae000
1538  close(3)                          = 0
1538  openat(AT_FDCWD, "/lib/x86_64-linux-gnu/libc.so.6", O_RDONLY|O_CLOEXEC) = 3
1538  read(3, "\177ELF\2\1\1\3\0\0\0\0\0\0\0\0\3\0>\0\1\0\0\0\260>\2\0\0\0\0\0"..., 832) = 832
1538  fstat(3, {st_mode=S_IFREG|0755, st_size=1901536, ...}) = 0
1538  mmap(NULL, 1914496, PROT_READ, MAP_PRIVATE|MAP_DENYWRITE, 3, 0) = 0x73f20bcc2000
1538  mmap(0x73f20bce4000, 1413120, PROT_READ|PROT_EXEC, MAP_PRIVATE|MAP_FIXED|MAP_DENYWRITE, 3, 0x22000) = 0x73f20bce4000
1538  mmap(0x73f20be3d000, 323584, PROT_READ, MAP_PRIVATE|MAP_FIXED|MAP_DENYWRITE, 3, 0x17b000) = 0x73f20be3d000
1538  mmap(0x73f20be8c000, 24576, PROT_READ|PROT_WRITE, MAP_PRIVATE|MAP_FIXED|MAP_DENYWRITE, 3, 0x1c9000) = 0x73f20be8c000
1538  mmap(0x73f20be92000, 13952, PROT_READ|PROT_WRITE, MAP_PRIVATE|MAP_FIXED|MAP_ANONYMOUS, -1, 0) = 0x73f20be92000
1538  close(3)                          = 0
1538  openat(AT_FDCWD, "/lib/x86_64-linux-gnu/libm.so.6", O_RDONLY|O_CLOEXEC) = 3
1538  read(3, "\177ELF\2\1\1\3\0\0\0\0\0\0\0\0\3\0>\0\1\0\0\0\0\322\0\0\0\0\0\0"..., 832) = 832
1538  fstat(3, {st_mode=S_IFREG|0644, st_size=1321344, ...}) = 0
1538  mmap(NULL, 1323280, PROT_READ, MAP_PRIVATE|MAP_DENYWRITE, 3, 0) = 0x73f20bb7e000
1538  mmap(0x73f20bb8b000, 630784, PROT_READ|PROT_EXEC, MAP_PRIVATE|MAP_FIXED|MAP_DENYWRITE, 3, 0xd000) = 0x73f20bb8b000
1538  mmap(0x73f20bc25000, 634880, PROT_READ, MAP_PRIVATE|MAP_FIXED|MAP_DENYWRITE, 3, 0xa7000) = 0x73f20bc25000
1538  mmap(0x73f20bcc0000, 8192, PROT_READ|PROT_WRITE, MAP_PRIVATE|MAP_FIXED|MAP_DENYWRITE, 3, 0x141000) = 0x73f20bcc0000
1538  close(3)                          = 0
1538  mmap(NULL, 8192, PROT_READ|PROT_WRITE, MAP_PRIVATE|MAP_ANONYMOUS, -1, 0) = 0x73f20bb7c000
1538  arch_prctl(ARCH_SET_FS, 0x73f20bb7d100) = 0
1538  mprotect(0x73f20be8c000, 16384, PROT_READ) = 0
1538  mprotect(0x73f20bcc0000, 4096, PROT_READ) = 0
1538  mprotect(0x73f20beae000, 4096, PROT_READ) = 0
1538  mmap(NULL, 8192, PROT_READ|PROT_WRITE, MAP_PRIVATE|MAP_ANONYMOUS, -1, 0) = 0x73f20bb7a000
1538  mprotect(0x73f20c06c000, 45056, PROT_READ) = 0
1538  mprotect(0x5d9c1593e000, 4096, PROT_READ) = 0
1538  mprotect(0x73f20c0af000, 4096, PROT_READ) = 0
1538  munmap(0x73f20c07f000, 21784)     = 0
1538  brk(NULL)                         = 0x5d9c28c8d000
1538  brk(0x5d9c28cae000)               = 0x5d9c28cae000
1538  fstat(1, {st_mode=S_IFCHR|0620, st_rdev=makedev(0x88, 0), ...}) = 0
1538  write(1, "Enter file name: ", 17) = 17
1538  fstat(0, {st_mode=S_IFCHR|0620, st_rdev=makedev(0x88, 0), ...}) = 0
1538  read(0, "input.txt\n", 1024)      = 10
1538  pipe([3, 4])                      = 0
1538  clone(child_stack=NULL, flags=CLONE_CHILD_CLEARTID|CLONE_CHILD_SETTID|SIGCHLD, child_tidptr=0x73f20bb7d3d0) = 1564
1564  close(3 <unfinished ...>
1538  close(4 <unfinished ...>
1564  <... close resumed>)              = 0
1538  <... close resumed>)              = 0
1564  openat(AT_FDCWD, "input.txt", O_RDONLY <unfinished ...>
1538  read(3,  <unfinished ...>
1564  <... openat resumed>)             = 3
1564  dup2(3, 0)                        = 0
1564  close(3)                          = 0
1564  dup2(4, 1)                        = 1
1564  close(4)                          = 0
1564  execve("./child", ["child"], 0x7ffd913ebbe8 /* 33 vars */) = 0
1564  brk(NULL)                         = 0x5ba08862c000
1564  access("/etc/ld.so.preload", R_OK) = -1 ENOENT (No such file or directory)
1564  openat(AT_FDCWD, "/etc/ld.so.cache", O_RDONLY|O_CLOEXEC) = 3
1564  fstat(3, {st_mode=S_IFREG|0644, st_size=21784, ...}) = 0
1564  mmap(NULL, 21784, PROT_READ, MAP_PRIVATE, 3, 0) = 0x70a299b0d000
1564  close(3)                          = 0
1564  openat(AT_FDCWD, "/usr/lib/x86_64-linux-gnu/libstdc++.so.6", O_RDONLY|O_CLOEXEC) = 3
1564  read(3, "\177ELF\2\1\1\3\0\0\0\0\0\0\0\0\3\0>\0\1\0\0\0\240\240\t\0\0\0\0\0"..., 832) = 832
1564  fstat(3, {st_mode=S_IFREG|0644, st_size=1870824, ...}) = 0
1564  mmap(NULL, 8192, PROT_READ|PROT_WRITE, MAP_PRIVATE|MAP_ANONYMOUS, -1, 0) = 0x70a299b0b000
1564  mmap(NULL, 1886208, PROT_READ, MAP_PRIVATE|MAP_DENYWRITE, 3, 0) = 0x70a29993e000
1564  mmap(0x70a2999d4000, 901120, PROT_READ|PROT_EXEC, MAP_PRIVATE|MAP_FIXED|MAP_DENYWRITE, 3, 0x96000) = 0x70a2999d4000
1564  mmap(0x70a299ab0000, 303104, PROT_READ, MAP_PRIVATE|MAP_FIXED|MAP_DENYWRITE, 3, 0x172000) = 0x70a299ab0000
1564  mmap(0x70a299afa000, 57344, PROT_READ|PROT_WRITE, MAP_PRIVATE|MAP_FIXED|MAP_DENYWRITE, 3, 0x1bb000) = 0x70a299afa000
1564  mmap(0x70a299b08000, 10240, PROT_READ|PROT_WRITE, MAP_PRIVATE|MAP_FIXED|MAP_ANONYMOUS, -1, 0) = 0x70a299b08000
1564  close(3)                          = 0
1564  openat(AT_FDCWD, "/lib/x86_64-linux-gnu/libgcc_s.so.1", O_RDONLY|O_CLOEXEC) = 3
1564  read(3, "\177ELF\2\1\1\0\0\0\0\0\0\0\0\0\3\0>\0\1\0\0\0\0203\0\0\0\0\0\0"..., 832) = 832
1564  fstat(3, {st_mode=S_IFREG|0644, st_size=100736, ...}) = 0
1564  mmap(NULL, 103496, PROT_READ, MAP_PRIVATE|MAP_DENYWRITE, 3, 0) = 0x70a299924000
1564  mmap(0x70a299927000, 69632, PROT_READ|PROT_EXEC, MAP_PRIVATE|MAP_FIXED|MAP_DENYWRITE, 3, 0x3000) = 0x70a299927000
1564  mmap(0x70a299938000, 16384, PROT_READ, MAP_PRIVATE|MAP_FIXED|MAP_DENYWRITE, 3, 0x14000) = 0x70a299938000
1564  mmap(0x70a29993c000, 8192, PROT_READ|PROT_WRITE, MAP_PRIVATE|MAP_FIXED|MAP_DENYWRITE, 3, 0x17000) = 0x70a29993c000
1564  close(3)                          = 0
1564  openat(AT_FDCWD, "/lib/x86_64-linux-gnu/libc.so.6", O_RDONLY|O_CLOEXEC) = 3
1564  read(3, "\177ELF\2\1\1\3\0\0\0\0\0\0\0\0\3\0>\0\1\0\0\0\260>\2\0\0\0\0\0"..., 832) = 832
1564  fstat(3, {st_mode=S_IFREG|0755, st_size=1901536, ...}) = 0
1564  mmap(NULL, 1914496, PROT_READ, MAP_PRIVATE|MAP_DENYWRITE, 3, 0) = 0x70a299750000
1564  mmap(0x70a299772000, 1413120, PROT_READ|PROT_EXEC, MAP_PRIVATE|MAP_FIXED|MAP_DENYWRITE, 3, 0x22000) = 0x70a299772000
1564  mmap(0x70a2998cb000, 323584, PROT_READ, MAP_PRIVATE|MAP_FIXED|MAP_DENYWRITE, 3, 0x17b000) = 0x70a2998cb000
1564  mmap(0x70a29991a000, 24576, PROT_READ|PROT_WRITE, MAP_PRIVATE|MAP_FIXED|MAP_DENYWRITE, 3, 0x1c9000) = 0x70a29991a000
1564  mmap(0x70a299920000, 13952, PROT_READ|PROT_WRITE, MAP_PRIVATE|MAP_FIXED|MAP_ANONYMOUS, -1, 0) = 0x70a299920000
1564  close(3)                          = 0
1564  openat(AT_FDCWD, "/lib/x86_64-linux-gnu/libm.so.6", O_RDONLY|O_CLOEXEC) = 3
1564  read(3, "\177ELF\2\1\1\3\0\0\0\0\0\0\0\0\3\0>\0\1\0\0\0\0\322\0\0\0\0\0\0"..., 832) = 832
1564  fstat(3, {st_mode=S_IFREG|0644, st_size=1321344, ...}) = 0
1564  mmap(NULL, 1323280, PROT_READ, MAP_PRIVATE|MAP_DENYWRITE, 3, 0) = 0x70a29960c000
1564  mmap(0x70a299619000, 630784, PROT_READ|PROT_EXEC, MAP_PRIVATE|MAP_FIXED|MAP_DENYWRITE, 3, 0xd000) = 0x70a299619000
1564  mmap(0x70a2996b3000, 634880, PROT_READ, MAP_PRIVATE|MAP_FIXED|MAP_DENYWRITE, 3, 0xa7000) = 0x70a2996b3000
1564  mmap(0x70a29974e000, 8192, PROT_READ|PROT_WRITE, MAP_PRIVATE|MAP_FIXED|MAP_DENYWRITE, 3, 0x141000) = 0x70a29974e000
1564  close(3)                          = 0
1564  mmap(NULL, 8192, PROT_READ|PROT_WRITE, MAP_PRIVATE|MAP_ANONYMOUS, -1, 0) = 0x70a29960a000
1564  arch_prctl(ARCH_SET_FS, 0x70a29960b100) = 0
1564  mprotect(0x70a29991a000, 16384, PROT_READ) = 0
1564  mprotect(0x70a29974e000, 4096, PROT_READ) = 0
1564  mprotect(0x70a29993c000, 4096, PROT_READ) = 0
1564  mmap(NULL, 8192, PROT_READ|PROT_WRITE, MAP_PRIVATE|MAP_ANONYMOUS, -1, 0) = 0x70a299608000
1564  mprotect(0x70a299afa000, 45056, PROT_READ) = 0
1564  mprotect(0x5ba05dfc7000, 4096, PROT_READ) = 0
1564  mprotect(0x70a299b3d000, 4096, PROT_READ) = 0
1564  munmap(0x70a299b0d000, 21784)     = 0
1564  brk(NULL)                         = 0x5ba08862c000
1564  brk(0x5ba08864d000)               = 0x5ba08864d000
1564  fstat(0, {st_mode=S_IFREG|0644, st_size=8, ...}) = 0
1564  read(0, "1.0 4.5\n", 4096)        = 8
1564  fstat(1, {st_mode=S_IFIFO|0600, st_size=0, ...}) = 0
1564  write(1, "5.5\n", 4)              = 4
1538  <... read resumed>"5.5\n", 255)   = 4
1564  read(0,  <unfinished ...>
1538  write(1, "5.5\n", 4)              = 4
1564  <... read resumed>"", 4096)       = 0
1538  read(3,  <unfinished ...>
1564  exit_group(0)                     = ?
1538  <... read resumed>"", 255)        = 0
1538  close(3)                          = 0
1538  wait4(1564,  <unfinished ...>
1564  +++ exited with 0 +++
1538  <... wait4 resumed>NULL, 0, NULL) = 1564
1538  --- SIGCHLD {si_signo=SIGCHLD, si_code=CLD_EXITED, si_pid=1564, si_uid=1000, si_status=0, si_utime=0, si_stime=0} ---
1538  exit_group(0)                     = ?
1538  +++ exited with 0 +++

