execve("./main", ["./main", "4"], 0x7ffc525c61f8 /* 33 vars */) = 0
brk(NULL)                               = 0x602fa148b000
access("/etc/ld.so.preload", R_OK)      = -1 ENOENT (No such file or directory)
openat(AT_FDCWD, "/etc/ld.so.cache", O_RDONLY|O_CLOEXEC) = 3
fstat(3, {st_mode=S_IFREG|0644, st_size=21784, ...}) = 0
mmap(NULL, 21784, PROT_READ, MAP_PRIVATE, 3, 0) = 0x711e8da10000
close(3)                                = 0
openat(AT_FDCWD, "/lib/x86_64-linux-gnu/libpthread.so.0", O_RDONLY|O_CLOEXEC) = 3
read(3, "\177ELF\2\1\1\0\0\0\0\0\0\0\0\0\3\0>\0\1\0\0\0 l\0\0\0\0\0\0"..., 832) = 832
fstat(3, {st_mode=S_IFREG|0755, st_size=149520, ...}) = 0
mmap(NULL, 8192, PROT_READ|PROT_WRITE, MAP_PRIVATE|MAP_ANONYMOUS, -1, 0) = 0x711e8da0e000
mmap(NULL, 136304, PROT_READ, MAP_PRIVATE|MAP_DENYWRITE, 3, 0) = 0x711e8d9ec000
mmap(0x711e8d9f2000, 65536, PROT_READ|PROT_EXEC, MAP_PRIVATE|MAP_FIXED|MAP_DENYWRITE, 3, 0x6000) = 0x711e8d9f2000
mmap(0x711e8da02000, 24576, PROT_READ, MAP_PRIVATE|MAP_FIXED|MAP_DENYWRITE, 3, 0x16000) = 0x711e8da02000
mmap(0x711e8da08000, 8192, PROT_READ|PROT_WRITE, MAP_PRIVATE|MAP_FIXED|MAP_DENYWRITE, 3, 0x1b000) = 0x711e8da08000
mmap(0x711e8da0a000, 13424, PROT_READ|PROT_WRITE, MAP_PRIVATE|MAP_FIXED|MAP_ANONYMOUS, -1, 0) = 0x711e8da0a000
close(3)                                = 0
openat(AT_FDCWD, "/usr/lib/x86_64-linux-gnu/libstdc++.so.6", O_RDONLY|O_CLOEXEC) = 3
read(3, "\177ELF\2\1\1\3\0\0\0\0\0\0\0\0\3\0>\0\1\0\0\0\240\240\t\0\0\0\0\0"..., 832) = 832
fstat(3, {st_mode=S_IFREG|0644, st_size=1870824, ...}) = 0
mmap(NULL, 1886208, PROT_READ, MAP_PRIVATE|MAP_DENYWRITE, 3, 0) = 0x711e8d81f000
mmap(0x711e8d8b5000, 901120, PROT_READ|PROT_EXEC, MAP_PRIVATE|MAP_FIXED|MAP_DENYWRITE, 3, 0x96000) = 0x711e8d8b5000
mmap(0x711e8d991000, 303104, PROT_READ, MAP_PRIVATE|MAP_FIXED|MAP_DENYWRITE, 3, 0x172000) = 0x711e8d991000
mmap(0x711e8d9db000, 57344, PROT_READ|PROT_WRITE, MAP_PRIVATE|MAP_FIXED|MAP_DENYWRITE, 3, 0x1bb000) = 0x711e8d9db000
mmap(0x711e8d9e9000, 10240, PROT_READ|PROT_WRITE, MAP_PRIVATE|MAP_FIXED|MAP_ANONYMOUS, -1, 0) = 0x711e8d9e9000
close(3)                                = 0
openat(AT_FDCWD, "/lib/x86_64-linux-gnu/libgcc_s.so.1", O_RDONLY|O_CLOEXEC) = 3
read(3, "\177ELF\2\1\1\0\0\0\0\0\0\0\0\0\3\0>\0\1\0\0\0\0203\0\0\0\0\0\0"..., 832) = 832
fstat(3, {st_mode=S_IFREG|0644, st_size=100736, ...}) = 0
mmap(NULL, 103496, PROT_READ, MAP_PRIVATE|MAP_DENYWRITE, 3, 0) = 0x711e8d805000
mmap(0x711e8d808000, 69632, PROT_READ|PROT_EXEC, MAP_PRIVATE|MAP_FIXED|MAP_DENYWRITE, 3, 0x3000) = 0x711e8d808000
mmap(0x711e8d819000, 16384, PROT_READ, MAP_PRIVATE|MAP_FIXED|MAP_DENYWRITE, 3, 0x14000) = 0x711e8d819000
mmap(0x711e8d81d000, 8192, PROT_READ|PROT_WRITE, MAP_PRIVATE|MAP_FIXED|MAP_DENYWRITE, 3, 0x17000) = 0x711e8d81d000
close(3)                                = 0
openat(AT_FDCWD, "/lib/x86_64-linux-gnu/libc.so.6", O_RDONLY|O_CLOEXEC) = 3
read(3, "\177ELF\2\1\1\3\0\0\0\0\0\0\0\0\3\0>\0\1\0\0\0\260>\2\0\0\0\0\0"..., 832) = 832
fstat(3, {st_mode=S_IFREG|0755, st_size=1901536, ...}) = 0
mmap(NULL, 1914496, PROT_READ, MAP_PRIVATE|MAP_DENYWRITE, 3, 0) = 0x711e8d631000
mmap(0x711e8d653000, 1413120, PROT_READ|PROT_EXEC, MAP_PRIVATE|MAP_FIXED|MAP_DENYWRITE, 3, 0x22000) = 0x711e8d653000
mmap(0x711e8d7ac000, 323584, PROT_READ, MAP_PRIVATE|MAP_FIXED|MAP_DENYWRITE, 3, 0x17b000) = 0x711e8d7ac000
mmap(0x711e8d7fb000, 24576, PROT_READ|PROT_WRITE, MAP_PRIVATE|MAP_FIXED|MAP_DENYWRITE, 3, 0x1c9000) = 0x711e8d7fb000
mmap(0x711e8d801000, 13952, PROT_READ|PROT_WRITE, MAP_PRIVATE|MAP_FIXED|MAP_ANONYMOUS, -1, 0) = 0x711e8d801000
close(3)                                = 0
openat(AT_FDCWD, "/lib/x86_64-linux-gnu/libm.so.6", O_RDONLY|O_CLOEXEC) = 3
read(3, "\177ELF\2\1\1\3\0\0\0\0\0\0\0\0\3\0>\0\1\0\0\0\0\322\0\0\0\0\0\0"..., 832) = 832
fstat(3, {st_mode=S_IFREG|0644, st_size=1321344, ...}) = 0
mmap(NULL, 1323280, PROT_READ, MAP_PRIVATE|MAP_DENYWRITE, 3, 0) = 0x711e8d4ed000
mmap(0x711e8d4fa000, 630784, PROT_READ|PROT_EXEC, MAP_PRIVATE|MAP_FIXED|MAP_DENYWRITE, 3, 0xd000) = 0x711e8d4fa000
mmap(0x711e8d594000, 634880, PROT_READ, MAP_PRIVATE|MAP_FIXED|MAP_DENYWRITE, 3, 0xa7000) = 0x711e8d594000
mmap(0x711e8d62f000, 8192, PROT_READ|PROT_WRITE, MAP_PRIVATE|MAP_FIXED|MAP_DENYWRITE, 3, 0x141000) = 0x711e8d62f000
close(3)                                = 0
mmap(NULL, 8192, PROT_READ|PROT_WRITE, MAP_PRIVATE|MAP_ANONYMOUS, -1, 0) = 0x711e8d4eb000
mmap(NULL, 12288, PROT_READ|PROT_WRITE, MAP_PRIVATE|MAP_ANONYMOUS, -1, 0) = 0x711e8d4e8000
arch_prctl(ARCH_SET_FS, 0x711e8d4e8740) = 0
mprotect(0x711e8d7fb000, 16384, PROT_READ) = 0
mprotect(0x711e8d62f000, 4096, PROT_READ) = 0
mprotect(0x711e8d81d000, 4096, PROT_READ) = 0
mprotect(0x711e8d9db000, 45056, PROT_READ) = 0
mprotect(0x711e8da08000, 4096, PROT_READ) = 0
mprotect(0x602f658f3000, 4096, PROT_READ) = 0
mprotect(0x711e8da40000, 4096, PROT_READ) = 0
munmap(0x711e8da10000, 21784)           = 0
set_tid_address(0x711e8d4e8a10)         = 12385
set_robust_list(0x711e8d4e8a20, 24)     = 0
rt_sigaction(SIGRTMIN, {sa_handler=0x711e8d9f2690, sa_mask=[], sa_flags=SA_RESTORER|SA_SIGINFO, sa_restorer=0x711e8d9ff140}, NULL, 8) = 0
rt_sigaction(SIGRT_1, {sa_handler=0x711e8d9f2730, sa_mask=[], sa_flags=SA_RESTORER|SA_RESTART|SA_SIGINFO, sa_restorer=0x711e8d9ff140}, NULL, 8) = 0
rt_sigprocmask(SIG_UNBLOCK, [RTMIN RT_1], NULL, 8) = 0
prlimit64(0, RLIMIT_STACK, NULL, {rlim_cur=8192*1024, rlim_max=RLIM64_INFINITY}) = 0
brk(NULL)                               = 0x602fa148b000
brk(0x602fa14ac000)                     = 0x602fa14ac000
futex(0x711e8d9e96bc, FUTEX_WAKE_PRIVATE, 2147483647) = 0
futex(0x711e8d9e96c8, FUTEX_WAKE_PRIVATE, 2147483647) = 0
fstat(1, {st_mode=S_IFCHR|0620, st_rdev=makedev(0x88, 0x1), ...}) = 0
write(1, "Maximum number of threads: 4\n", 29) = 29
write(1, "Enter system size: ", 19)     = 19
fstat(0, {st_mode=S_IFCHR|0620, st_rdev=makedev(0x88, 0x1), ...}) = 0
read(0, "3\n", 1024)                    = 2
write(1, "Enter the coefficients of matrix"..., 51) = 51
read(0, "2 1 -1\n", 1024)               = 7
read(0, "-3 -1 2\n", 1024)              = 8
read(0, "-2 1 2\n", 1024)               = 7
write(1, "Enter the vector of right-hand s"..., 38) = 38
read(0, "1\n", 1024)                    = 2
read(0, "-2\n", 1024)                   = 3
read(0, "0\n", 1024)                    = 2
mmap(NULL, 8392704, PROT_NONE, MAP_PRIVATE|MAP_ANONYMOUS|MAP_STACK, -1, 0) = 0x711e8cce7000
mprotect(0x711e8cce8000, 8388608, PROT_READ|PROT_WRITE) = 0
clone(child_stack=0x711e8d4e6fb0, flags=CLONE_VM|CLONE_FS|CLONE_FILES|CLONE_SIGHAND|CLONE_THREAD|CLONE_SYSVSEM|CLONE_SETTLS|CLONE_PARENT_SETTID|CLONE_CHILD_CLEARTID, parent_tid=[12534], tls=0x711e8d4e7700, child_tidptr=0x711e8d4e79d0) = 12534
mmap(NULL, 8392704, PROT_NONE, MAP_PRIVATE|MAP_ANONYMOUS|MAP_STACK, -1, 0) = 0x711e8c4e6000
mprotect(0x711e8c4e7000, 8388608, PROT_READ|PROT_WRITE) = 0
clone(child_stack=0x711e8cce5fb0, flags=CLONE_VM|CLONE_FS|CLONE_FILES|CLONE_SIGHAND|CLONE_THREAD|CLONE_SYSVSEM|CLONE_SETTLS|CLONE_PARENT_SETTID|CLONE_CHILD_CLEARTID, parent_tid=[0], tls=0x711e8cce6700, child_tidptr=0x711e8cce69d0) = 12535
mmap(NULL, 8392704, PROT_NONE, MAP_PRIVATE|MAP_ANONYMOUS|MAP_STACK, -1, 0) = 0x711e877ff000
mprotect(0x711e87800000, 8388608, PROT_READ|PROT_WRITE) = 0
clone(child_stack=0x711e87ffefb0, flags=CLONE_VM|CLONE_FS|CLONE_FILES|CLONE_SIGHAND|CLONE_THREAD|CLONE_SYSVSEM|CLONE_SETTLS|CLONE_PARENT_SETTID|CLONE_CHILD_CLEARTID, parent_tid=[0], tls=0x711e87fff700, child_tidptr=0x711e87fff9d0) = 12536
clone(child_stack=0x711e87ffefb0, flags=CLONE_VM|CLONE_FS|CLONE_FILES|CLONE_SIGHAND|CLONE_THREAD|CLONE_SYSVSEM|CLONE_SETTLS|CLONE_PARENT_SETTID|CLONE_CHILD_CLEARTID, parent_tid=[12537], tls=0x711e87fff700, child_tidptr=0x711e87fff9d0) = 12537
clone(child_stack=0x711e8cce5fb0, flags=CLONE_VM|CLONE_FS|CLONE_FILES|CLONE_SIGHAND|CLONE_THREAD|CLONE_SYSVSEM|CLONE_SETTLS|CLONE_PARENT_SETTID|CLONE_CHILD_CLEARTID, parent_tid=[0], tls=0x711e8cce6700, child_tidptr=0x711e8cce69d0) = 12538
clone(child_stack=0x711e8d4e6fb0, flags=CLONE_VM|CLONE_FS|CLONE_FILES|CLONE_SIGHAND|CLONE_THREAD|CLONE_SYSVSEM|CLONE_SETTLS|CLONE_PARENT_SETTID|CLONE_CHILD_CLEARTID, parent_tid=[0], tls=0x711e8d4e7700, child_tidptr=0x711e8d4e79d0) = 12539
clone(child_stack=0x711e8d4e6fb0, flags=CLONE_VM|CLONE_FS|CLONE_FILES|CLONE_SIGHAND|CLONE_THREAD|CLONE_SYSVSEM|CLONE_SETTLS|CLONE_PARENT_SETTID|CLONE_CHILD_CLEARTID, parent_tid=[12540], tls=0x711e8d4e7700, child_tidptr=0x711e8d4e79d0) = 12540
clone(child_stack=0x711e8cce5fb0, flags=CLONE_VM|CLONE_FS|CLONE_FILES|CLONE_SIGHAND|CLONE_THREAD|CLONE_SYSVSEM|CLONE_SETTLS|CLONE_PARENT_SETTID|CLONE_CHILD_CLEARTID, parent_tid=[12541], tls=0x711e8cce6700, child_tidptr=0x711e8cce69d0) = 12541
clone(child_stack=0x711e87ffefb0, flags=CLONE_VM|CLONE_FS|CLONE_FILES|CLONE_SIGHAND|CLONE_THREAD|CLONE_SYSVSEM|CLONE_SETTLS|CLONE_PARENT_SETTID|CLONE_CHILD_CLEARTID, parent_tid=[0], tls=0x711e87fff700, child_tidptr=0x711e87fff9d0) = 12542
write(1, "\n", 1)                       = 1
write(1, "System solution:\n", 17)      = 17
write(1, "x[0] = -2\n", 10)             = 10
write(1, "x[1] = 2\n", 9)               = 9
write(1, "x[2] = -3\n", 10)             = 10
lseek(0, -1, SEEK_CUR)                  = -1 ESPIPE (Illegal seek)
exit_group(0)                           = ?
+++ exited with 0 +++
