execve("./main", ["./main"], 0x7ffd08f1b510 /* 33 vars */) = 0
brk(NULL)                               = 0x590c4d966000
access("/etc/ld.so.preload", R_OK)      = -1 ENOENT (No such file or directory)
openat(AT_FDCWD, "/etc/ld.so.cache", O_RDONLY|O_CLOEXEC) = 3
fstat(3, {st_mode=S_IFREG|0644, st_size=21784, ...}) = 0
mmap(NULL, 21784, PROT_READ, MAP_PRIVATE, 3, 0) = 0x78e6132a1000
close(3)                                = 0
openat(AT_FDCWD, "/lib/x86_64-linux-gnu/librt.so.1", O_RDONLY|O_CLOEXEC) = 3
read(3, "\177ELF\2\1\1\0\0\0\0\0\0\0\0\0\3\0>\0\1\0\0\0\260#\0\0\0\0\0\0"..., 832) = 832
fstat(3, {st_mode=S_IFREG|0644, st_size=35808, ...}) = 0
mmap(NULL, 8192, PROT_READ|PROT_WRITE, MAP_PRIVATE|MAP_ANONYMOUS, -1, 0) = 0x78e61329f000
mmap(NULL, 39904, PROT_READ, MAP_PRIVATE|MAP_DENYWRITE, 3, 0) = 0x78e613295000
mmap(0x78e613297000, 16384, PROT_READ|PROT_EXEC, MAP_PRIVATE|MAP_FIXED|MAP_DENYWRITE, 3, 0x2000) = 0x78e613297000
mmap(0x78e61329b000, 8192, PROT_READ, MAP_PRIVATE|MAP_FIXED|MAP_DENYWRITE, 3, 0x6000) = 0x78e61329b000
mmap(0x78e61329d000, 8192, PROT_READ|PROT_WRITE, MAP_PRIVATE|MAP_FIXED|MAP_DENYWRITE, 3, 0x7000) = 0x78e61329d000
close(3)                                = 0
openat(AT_FDCWD, "/usr/lib/x86_64-linux-gnu/libstdc++.so.6", O_RDONLY|O_CLOEXEC) = 3
read(3, "\177ELF\2\1\1\3\0\0\0\0\0\0\0\0\3\0>\0\1\0\0\0\240\240\t\0\0\0\0\0"..., 832) = 832
fstat(3, {st_mode=S_IFREG|0644, st_size=1870824, ...}) = 0
mmap(NULL, 1886208, PROT_READ, MAP_PRIVATE|MAP_DENYWRITE, 3, 0) = 0x78e6130c8000
mmap(0x78e61315e000, 901120, PROT_READ|PROT_EXEC, MAP_PRIVATE|MAP_FIXED|MAP_DENYWRITE, 3, 0x96000) = 0x78e61315e000
mmap(0x78e61323a000, 303104, PROT_READ, MAP_PRIVATE|MAP_FIXED|MAP_DENYWRITE, 3, 0x172000) = 0x78e61323a000
mmap(0x78e613284000, 57344, PROT_READ|PROT_WRITE, MAP_PRIVATE|MAP_FIXED|MAP_DENYWRITE, 3, 0x1bb000) = 0x78e613284000
mmap(0x78e613292000, 10240, PROT_READ|PROT_WRITE, MAP_PRIVATE|MAP_FIXED|MAP_ANONYMOUS, -1, 0) = 0x78e613292000
close(3)                                = 0
openat(AT_FDCWD, "/lib/x86_64-linux-gnu/libgcc_s.so.1", O_RDONLY|O_CLOEXEC) = 3
read(3, "\177ELF\2\1\1\0\0\0\0\0\0\0\0\0\3\0>\0\1\0\0\0\0203\0\0\0\0\0\0"..., 832) = 832
fstat(3, {st_mode=S_IFREG|0644, st_size=100736, ...}) = 0
mmap(NULL, 103496, PROT_READ, MAP_PRIVATE|MAP_DENYWRITE, 3, 0) = 0x78e6130ae000
mmap(0x78e6130b1000, 69632, PROT_READ|PROT_EXEC, MAP_PRIVATE|MAP_FIXED|MAP_DENYWRITE, 3, 0x3000) = 0x78e6130b1000
mmap(0x78e6130c2000, 16384, PROT_READ, MAP_PRIVATE|MAP_FIXED|MAP_DENYWRITE, 3, 0x14000) = 0x78e6130c2000
mmap(0x78e6130c6000, 8192, PROT_READ|PROT_WRITE, MAP_PRIVATE|MAP_FIXED|MAP_DENYWRITE, 3, 0x17000) = 0x78e6130c6000
close(3)                                = 0
openat(AT_FDCWD, "/lib/x86_64-linux-gnu/libc.so.6", O_RDONLY|O_CLOEXEC) = 3
read(3, "\177ELF\2\1\1\3\0\0\0\0\0\0\0\0\3\0>\0\1\0\0\0\260>\2\0\0\0\0\0"..., 832) = 832
fstat(3, {st_mode=S_IFREG|0755, st_size=1901536, ...}) = 0
mmap(NULL, 1914496, PROT_READ, MAP_PRIVATE|MAP_DENYWRITE, 3, 0) = 0x78e612eda000
mmap(0x78e612efc000, 1413120, PROT_READ|PROT_EXEC, MAP_PRIVATE|MAP_FIXED|MAP_DENYWRITE, 3, 0x22000) = 0x78e612efc000
mmap(0x78e613055000, 323584, PROT_READ, MAP_PRIVATE|MAP_FIXED|MAP_DENYWRITE, 3, 0x17b000) = 0x78e613055000
mmap(0x78e6130a4000, 24576, PROT_READ|PROT_WRITE, MAP_PRIVATE|MAP_FIXED|MAP_DENYWRITE, 3, 0x1c9000) = 0x78e6130a4000
mmap(0x78e6130aa000, 13952, PROT_READ|PROT_WRITE, MAP_PRIVATE|MAP_FIXED|MAP_ANONYMOUS, -1, 0) = 0x78e6130aa000
close(3)                                = 0
openat(AT_FDCWD, "/lib/x86_64-linux-gnu/libpthread.so.0", O_RDONLY|O_CLOEXEC) = 3
read(3, "\177ELF\2\1\1\0\0\0\0\0\0\0\0\0\3\0>\0\1\0\0\0 l\0\0\0\0\0\0"..., 832) = 832
fstat(3, {st_mode=S_IFREG|0755, st_size=149520, ...}) = 0
mmap(NULL, 136304, PROT_READ, MAP_PRIVATE|MAP_DENYWRITE, 3, 0) = 0x78e612eb8000
mmap(0x78e612ebe000, 65536, PROT_READ|PROT_EXEC, MAP_PRIVATE|MAP_FIXED|MAP_DENYWRITE, 3, 0x6000) = 0x78e612ebe000
mmap(0x78e612ece000, 24576, PROT_READ, MAP_PRIVATE|MAP_FIXED|MAP_DENYWRITE, 3, 0x16000) = 0x78e612ece000
mmap(0x78e612ed4000, 8192, PROT_READ|PROT_WRITE, MAP_PRIVATE|MAP_FIXED|MAP_DENYWRITE, 3, 0x1b000) = 0x78e612ed4000
mmap(0x78e612ed6000, 13424, PROT_READ|PROT_WRITE, MAP_PRIVATE|MAP_FIXED|MAP_ANONYMOUS, -1, 0) = 0x78e612ed6000
close(3)                                = 0
openat(AT_FDCWD, "/lib/x86_64-linux-gnu/libm.so.6", O_RDONLY|O_CLOEXEC) = 3
read(3, "\177ELF\2\1\1\3\0\0\0\0\0\0\0\0\3\0>\0\1\0\0\0\0\322\0\0\0\0\0\0"..., 832) = 832
fstat(3, {st_mode=S_IFREG|0644, st_size=1321344, ...}) = 0
mmap(NULL, 1323280, PROT_READ, MAP_PRIVATE|MAP_DENYWRITE, 3, 0) = 0x78e612d74000
mmap(0x78e612d81000, 630784, PROT_READ|PROT_EXEC, MAP_PRIVATE|MAP_FIXED|MAP_DENYWRITE, 3, 0xd000) = 0x78e612d81000
mmap(0x78e612e1b000, 634880, PROT_READ, MAP_PRIVATE|MAP_FIXED|MAP_DENYWRITE, 3, 0xa7000) = 0x78e612e1b000
mmap(0x78e612eb6000, 8192, PROT_READ|PROT_WRITE, MAP_PRIVATE|MAP_FIXED|MAP_DENYWRITE, 3, 0x141000) = 0x78e612eb6000
close(3)                                = 0
mmap(NULL, 8192, PROT_READ|PROT_WRITE, MAP_PRIVATE|MAP_ANONYMOUS, -1, 0) = 0x78e612d72000
mmap(NULL, 12288, PROT_READ|PROT_WRITE, MAP_PRIVATE|MAP_ANONYMOUS, -1, 0) = 0x78e612d6f000
arch_prctl(ARCH_SET_FS, 0x78e612d6f740) = 0
mprotect(0x78e6130a4000, 16384, PROT_READ) = 0
mprotect(0x78e612eb6000, 4096, PROT_READ) = 0
mprotect(0x78e612ed4000, 4096, PROT_READ) = 0
mprotect(0x78e6130c6000, 4096, PROT_READ) = 0
mprotect(0x78e613284000, 45056, PROT_READ) = 0
mprotect(0x78e61329d000, 4096, PROT_READ) = 0
mprotect(0x590c20765000, 4096, PROT_READ) = 0
mprotect(0x78e6132d1000, 4096, PROT_READ) = 0
munmap(0x78e6132a1000, 21784)           = 0
set_tid_address(0x78e612d6fa10)         = 2797
set_robust_list(0x78e612d6fa20, 24)     = 0
rt_sigaction(SIGRTMIN, {sa_handler=0x78e612ebe690, sa_mask=[], sa_flags=SA_RESTORER|SA_SIGINFO, sa_restorer=0x78e612ecb140}, NULL, 8) = 0
rt_sigaction(SIGRT_1, {sa_handler=0x78e612ebe730, sa_mask=[], sa_flags=SA_RESTORER|SA_RESTART|SA_SIGINFO, sa_restorer=0x78e612ecb140}, NULL, 8) = 0
rt_sigprocmask(SIG_UNBLOCK, [RTMIN RT_1], NULL, 8) = 0
prlimit64(0, RLIMIT_STACK, NULL, {rlim_cur=8192*1024, rlim_max=RLIM64_INFINITY}) = 0
brk(NULL)                               = 0x590c4d966000
brk(0x590c4d987000)                     = 0x590c4d987000
futex(0x78e6132926bc, FUTEX_WAKE_PRIVATE, 2147483647) = 0
futex(0x78e6132926c8, FUTEX_WAKE_PRIVATE, 2147483647) = 0
fstat(1, {st_mode=S_IFCHR|0620, st_rdev=makedev(0x88, 0), ...}) = 0
write(1, "Enter file name: ", 17)       = 17
fstat(0, {st_mode=S_IFCHR|0620, st_rdev=makedev(0x88, 0), ...}) = 0
read(0, "input.txt\n", 1024)            = 10
statfs("/dev/shm/", {f_type=TMPFS_MAGIC, f_bsize=4096, f_blocks=16384, f_bfree=16384, f_bavail=16384, f_files=2023062, f_ffree=2023061, f_fsid={val=[3049722121, 2388467765]}, f_namelen=255, f_frsize=4096, f_flags=ST_VALID|ST_NOSUID|ST_NODEV|ST_NOEXEC|ST_RELATIME}) = 0
futex(0x78e612ed9410, FUTEX_WAKE_PRIVATE, 2147483647) = 0
openat(AT_FDCWD, "/dev/shm/mymmap", O_RDWR|O_CREAT|O_NOFOLLOW|O_CLOEXEC, 0666) = 3
ftruncate(3, 4096)                      = 0
mmap(NULL, 4096, PROT_READ|PROT_WRITE, MAP_SHARED, 3, 0) = 0x78e6132d0000
clone(child_stack=NULL, flags=CLONE_CHILD_CLEARTID|CLONE_CHILD_SETTID|SIGCHLD, child_tidptr=0x78e612d6fa10) = 2834
wait4(2834, NULL, 0, NULL)              = 2834
--- SIGCHLD {si_signo=SIGCHLD, si_code=CLD_EXITED, si_pid=2834, si_uid=1000, si_status=0, si_utime=0, si_stime=0} ---
write(1, "5.5\n", 4)                    = 4
write(1, "\n", 1)                       = 1
munmap(0x78e6132d0000, 4096)            = 0
unlink("/dev/shm/mymmap")               = 0
exit_group(0)                           = ?
+++ exited with 0 +++
